/neuro/labs/grantlab/users/arafat.hussain/bnt/lib64/python3.6/site-packages/hydra/_internal/defaults_list.py:251: UserWarning: In 'config': Defaults list is missing `_self_`. See https://hydra.cc/docs/1.2/upgrades/1.0_to_1.1/default_composition_order for more information
  warnings.warn(msg, UserWarning)
[2024-07-16 17:27:39,633][HYDRA] Launching 1 jobs locally
[2024-07-16 17:27:39,633][HYDRA] 	#0 : model=rbnt2 score=fiq
wandb: Currently logged in as: mhdarafat. Use `wandb login --relogin` to force relogin
wandb: wandb version 0.17.4 is available!  To upgrade, please run:
wandb:  $ pip install wandb --upgrade
wandb: Tracking run with wandb version 0.15.11
wandb: Run data is saved locally in /neuro/labs/grantlab/users/arafat.hussain/RelationalConnectivityTransformer/wandb/run-20240716_172741-1hllgt2z
wandb: Run `wandb offline` to turn off syncing.
wandb: Syncing run unique-fire-213
wandb: ⭐️ View project at https://wandb.ai/mhdarafat/brainnetworktransformer
wandb: 🚀 View run at https://wandb.ai/mhdarafat/brainnetworktransformer/runs/1hllgt2z
/neuro/labs/grantlab/users/arafat.hussain/bnt/lib64/python3.6/site-packages/torch/nn/_reduction.py:42: UserWarning: size_average and reduce args will be deprecated, please use reduction='sum' instead.
  warnings.warn(warning.format(ret))
[2024-07-16 17:27:50,370][optimizer.py][L65][INFO] Parameters [normal] length [82]
[2024-07-16 17:27:50,373][training.py][L35][INFO] #model params: 8530100
[2024-07-16 17:41:25,880][training.py][L426][INFO] Epoch[1/10] | Train Loss: 100.789 | Train Acc: 1.673 | val Loss: 259.375 | val Acc - L1: 10.510 | val Acc - L2: 11.129
[2024-07-16 17:55:27,627][training.py][L426][INFO] Epoch[2/10] | Train Loss: 3.275 | Train Acc: 0.520 | val Loss: 250.602 | val Acc - L1: 10.319 | val Acc - L2: 11.158
[2024-07-16 18:09:05,363][training.py][L426][INFO] Epoch[3/10] | Train Loss: 2.746 | Train Acc: 0.422 | val Loss: 243.221 | val Acc - L1: 10.385 | val Acc - L2: 10.676
[2024-07-16 18:22:52,936][training.py][L426][INFO] Epoch[4/10] | Train Loss: 2.462 | Train Acc: 0.351 | val Loss: 248.126 | val Acc - L1: 10.442 | val Acc - L2: 10.887
