/neuro/labs/grantlab/users/arafat.hussain/bnt/lib64/python3.6/site-packages/hydra/_internal/defaults_list.py:251: UserWarning: In 'config': Defaults list is missing `_self_`. See https://hydra.cc/docs/1.2/upgrades/1.0_to_1.1/default_composition_order for more information
  warnings.warn(msg, UserWarning)
[2024-07-16 17:44:19,451][HYDRA] Launching 1 jobs locally
[2024-07-16 17:44:19,451][HYDRA] 	#0 : model=rbnt4 score=fiq
wandb: Currently logged in as: mhdarafat. Use `wandb login --relogin` to force relogin
wandb: wandb version 0.17.4 is available!  To upgrade, please run:
wandb:  $ pip install wandb --upgrade
wandb: Tracking run with wandb version 0.15.11
wandb: Run data is saved locally in /neuro/labs/grantlab/users/arafat.hussain/RelationalConnectivityTransformer/wandb/run-20240716_174421-ovudk71x
wandb: Run `wandb offline` to turn off syncing.
wandb: Syncing run gallant-pine-216
wandb: ⭐️ View project at https://wandb.ai/mhdarafat/brainnetworktransformer
wandb: 🚀 View run at https://wandb.ai/mhdarafat/brainnetworktransformer/runs/ovudk71x
wandb: Waiting for W&B process to finish... (failed 1). Press Control-C to abort syncing.
wandb: - 0.005 MB of 0.005 MB uploaded (0.000 MB deduped)wandb: \ 0.005 MB of 0.008 MB uploaded (0.000 MB deduped)wandb: 🚀 View run gallant-pine-216 at: https://wandb.ai/mhdarafat/brainnetworktransformer/runs/ovudk71x
wandb: Synced 5 W&B file(s), 0 media file(s), 0 artifact file(s) and 0 other file(s)
wandb: Find logs at: ./wandb/run-20240716_174421-ovudk71x/logs
Error executing job with overrides: ['model=rbnt4', 'score=fiq']
Traceback (most recent call last):
  File "/neuro/labs/grantlab/users/arafat.hussain/RelationalConnectivityTransformer/source/__main__.py", line 71, in main
    model_training(cfg)
  File "/neuro/labs/grantlab/users/arafat.hussain/RelationalConnectivityTransformer/source/__main__.py", line 52, in model_training
    model = model_factory(cfg)
  File "/neuro/labs/grantlab/users/arafat.hussain/RelationalConnectivityTransformer/source/models/__init__.py", line 8, in model_factory
    return eval(config.model.name)(config).cuda()
  File "/neuro/labs/grantlab/users/arafat.hussain/RelationalConnectivityTransformer/source/models/RBNT/rbnt4.py", line 77, in __init__
    self.attention_list1.append(
  File "/neuro/labs/grantlab/users/arafat.hussain/bnt/lib64/python3.6/site-packages/torch/nn/modules/module.py", line 1178, in __getattr__
    type(self).__name__, name))
AttributeError: 'RelationalBrainNetworkTransformer4' object has no attribute 'attention_list1'

Set the environment variable HYDRA_FULL_ERROR=1 for a complete stack trace.
